<?xml version="1.0" encoding="UTF-8" standalone="no"?>
<!DOCTYPE log SYSTEM "logger.dtd">
<log>
<record>
  <date>2021-03-19T19:35:56.959785700Z</date>
  <millis>1616182556959</millis>
  <nanos>785700</nanos>
  <sequence>0</sequence>
  <logger>LoginngApp</logger>
  <level>INFO</level>
  <class>br.com.clmgni.bytebank2.util$Companion</class>
  <method>gLog</method>
  <thread>1</thread>
  <message>Iniciando!</message>
</record>
<record>
  <date>2021-03-19T19:35:57.127789Z</date>
  <millis>1616182557127</millis>
  <nanos>789000</nanos>
  <sequence>1</sequence>
  <logger>LoginngApp</logger>
  <level>SEVERE</level>
  <class>br.com.clmgni.bytebank2.util$Companion</class>
  <method>gLog</method>
  <thread>1</thread>
  <message>Nome não OK</message>
</record>
</log>
